2018-05-28 15:12:47,003 - tensorflow - INFO - Using default config.
2018-05-28 15:12:47,005 - tensorflow - WARNING - Using temporary folder as model directory: /var/folders/sx/fv0r97j96fz8njp14dt5g7940000gn/T/tmp4g8bgs9l
2018-05-28 15:12:47,006 - tensorflow - INFO - Using config: {'_model_dir': '/var/folders/sx/fv0r97j96fz8njp14dt5g7940000gn/T/tmp4g8bgs9l', '_tf_random_seed': None, '_save_summary_steps': 100, '_save_checkpoints_steps': None, '_save_checkpoints_secs': 600, '_session_config': None, '_keep_checkpoint_max': 5, '_keep_checkpoint_every_n_hours': 10000, '_log_step_count_steps': 100, '_train_distribute': None, '_service': None, '_cluster_spec': <tensorflow.python.training.server_lib.ClusterSpec object at 0x116f8de10>, '_task_type': 'worker', '_task_id': 0, '_global_id_in_cluster': 0, '_master': '', '_evaluation_master': '', '_is_chief': True, '_num_ps_replicas': 0, '_num_worker_replicas': 1}
2018-05-28 15:12:47,006 - tensorflow - WARNING - Estimator's model_fn (<function model_fn at 0x116f8ad08>) includes params argument, but params are not passed to Estimator.
2018-05-28 15:12:47,043 - tensorflow - INFO - Calling model_fn.
2018-05-28 15:12:50,170 - tensorflow - INFO - Done calling model_fn.
2018-05-28 15:12:50,172 - tensorflow - INFO - Create CheckpointSaverHook.
2018-05-28 15:12:51,497 - tensorflow - INFO - Graph was finalized.
2018-05-28 15:12:51,596 - tensorflow - INFO - Running local_init_op.
2018-05-28 15:12:51,602 - tensorflow - INFO - Done running local_init_op.
2018-05-28 15:12:53,684 - tensorflow - INFO - Saving checkpoints for 1 into /var/folders/sx/fv0r97j96fz8njp14dt5g7940000gn/T/tmp4g8bgs9l/model.ckpt.
2018-05-28 15:12:54,424 - tensorflow - INFO - loss = 0.6940956, step = 1
2018-05-28 15:12:54,425 - tensorflow - INFO - lr = 0.005
2018-05-28 15:13:07,282 - tensorflow - INFO - global_step/sec: 7.77711
2018-05-28 15:13:07,283 - tensorflow - INFO - loss = 0.35842985, step = 101 (12.859 sec)
2018-05-28 15:13:07,283 - tensorflow - INFO - lr = 0.004288479 (12.859 sec)
2018-05-28 15:13:20,935 - tensorflow - INFO - global_step/sec: 7.32437
2018-05-28 15:13:20,936 - tensorflow - INFO - loss = 0.36914945, step = 201 (13.653 sec)
2018-05-28 15:13:20,936 - tensorflow - INFO - lr = 0.0036782112 (13.653 sec)
2018-05-28 15:13:34,666 - tensorflow - INFO - global_step/sec: 7.28292
2018-05-28 15:13:34,667 - tensorflow - INFO - loss = 0.25758362, step = 301 (13.731 sec)
2018-05-28 15:13:34,667 - tensorflow - INFO - lr = 0.0031547868 (13.731 sec)
2018-05-28 15:13:48,725 - tensorflow - INFO - global_step/sec: 7.11264
2018-05-28 15:13:48,726 - tensorflow - INFO - loss = 0.5251568, step = 401 (14.059 sec)
2018-05-28 15:13:48,726 - tensorflow - INFO - lr = 0.0027058476 (14.060 sec)
2018-05-28 15:14:02,548 - tensorflow - INFO - global_step/sec: 7.23458
2018-05-28 15:14:02,549 - tensorflow - INFO - loss = 0.23113711, step = 501 (13.823 sec)
2018-05-28 15:14:02,549 - tensorflow - INFO - lr = 0.0023207942 (13.823 sec)
2018-05-28 15:14:16,363 - tensorflow - INFO - global_step/sec: 7.2385
2018-05-28 15:14:16,364 - tensorflow - INFO - loss = 0.3747789, step = 601 (13.815 sec)
2018-05-28 15:14:16,364 - tensorflow - INFO - lr = 0.0019905358 (13.815 sec)
2018-05-28 15:14:29,911 - tensorflow - INFO - global_step/sec: 7.38106
2018-05-28 15:14:29,912 - tensorflow - INFO - loss = 0.50705075, step = 701 (13.548 sec)
2018-05-28 15:14:29,912 - tensorflow - INFO - lr = 0.0017072745 (13.548 sec)
2018-05-28 15:14:40,486 - tensorflow - INFO - Saving checkpoints for 782 into /var/folders/sx/fv0r97j96fz8njp14dt5g7940000gn/T/tmp4g8bgs9l/model.ckpt.
2018-05-28 15:14:41,265 - tensorflow - INFO - Loss for final step: 0.23327395.
2018-05-28 15:14:41,290 - tensorflow - INFO - Calling model_fn.
2018-05-28 15:14:41,671 - tensorflow - INFO - Done calling model_fn.
2018-05-28 15:14:41,828 - tensorflow - INFO - Graph was finalized.
2018-05-28 15:14:41,828 - tensorflow - INFO - Restoring parameters from /var/folders/sx/fv0r97j96fz8njp14dt5g7940000gn/T/tmp4g8bgs9l/model.ckpt-782
2018-05-28 15:14:41,855 - tensorflow - INFO - Running local_init_op.
2018-05-28 15:14:41,858 - tensorflow - INFO - Done running local_init_op.
2018-05-28 15:15:14,401 - tensorflow - INFO - 
             precision    recall  f1-score   support

          0       0.85      0.93      0.89     12500
          1       0.92      0.84      0.88     12500

avg / total       0.89      0.88      0.88     25000

